#
# A fatal error has been detected by the Java Runtime Environment:
#
#  Internal Error (synchronizer.cpp:1430), pid=5160, tid=5988
#  guarantee(mid->header()->is_neutral()) failed: invariant
#
# JRE version: Java(TM) SE Runtime Environment (8.0_31-b13) (build 1.8.0_31-b13)
# Java VM: Java HotSpot(TM) Client VM (25.31-b07 mixed mode windows-x86 )
# Failed to write core dump. Minidumps are not enabled by default on client versions of Windows
#
# If you would like to submit a bug report, please visit:
#   http://bugreport.java.com/bugreport/crash.jsp
#

---------------  T H R E A D  ---------------

Current thread (0x01252c00):  VMThread [stack: 0x140c0000,0x14110000] [id=5988]

Stack: [0x140c0000,0x14110000],  sp=0x1410f1b8,  free space=316k
Native frames: (J=compiled Java code, j=interpreted, Vv=VM code, C=native code)
V  [jvm.dll+0x197b8b]
V  [jvm.dll+0x1909a5]
V  [jvm.dll+0x162f7f]
V  [jvm.dll+0x163333]
V  [jvm.dll+0x1567b3]
V  [jvm.dll+0x157b30]
V  [jvm.dll+0x16ed05]
V  [jvm.dll+0x16ef12]
V  [jvm.dll+0x1af0a6]
C  [msvcr100.dll+0x5c556]
C  [msvcr100.dll+0x5c600]
C  [kernel32.dll+0x4ed6c]
C  [ntdll.dll+0x6377b]
C  [ntdll.dll+0x6374e]

VM_Operation (0x1473f26c): ChangeSingleStep, mode: safepoint, requested by thread 0x142b6000


---------------  P R O C E S S  ---------------

Java Threads: ( => current thread )
  0x142d8c00 JavaThread "Service Thread" daemon [_thread_blocked, id=4040, stack(0x14a50000,0x14aa0000)]
  0x142c0c00 JavaThread "C1 CompilerThread0" daemon [_thread_blocked, id=5120, stack(0x14590000,0x145e0000)]
  0x142bf800 JavaThread "JDWP Command Reader" daemon [_thread_in_native, id=5508, stack(0x14880000,0x148d0000)]
  0x142b9800 JavaThread "JDWP Event Helper Thread" daemon [_thread_blocked, id=1428, stack(0x145f0000,0x14640000)]
  0x142b6000 JavaThread "JDWP Transport Listener: dt_socket" daemon [_thread_blocked, id=2716, stack(0x146f0000,0x14740000)]
  0x142a9800 JavaThread "Attach Listener" daemon [_thread_blocked, id=4016, stack(0x141e0000,0x14230000)]
  0x142a7000 JavaThread "Signal Dispatcher" daemon [_thread_blocked, id=4840, stack(0x14430000,0x14480000)]
  0x0125b800 JavaThread "Finalizer" daemon [_thread_blocked, id=4756, stack(0x14540000,0x14590000)]
  0x01256800 JavaThread "Reference Handler" daemon [_thread_blocked, id=1236, stack(0x14150000,0x141a0000)]
  0x0014cc00 JavaThread "main" [_thread_blocked, id=2340, stack(0x01840000,0x01890000)]

Other Threads:
=>0x01252c00 VMThread [stack: 0x140c0000,0x14110000] [id=5988]
  0x142e1c00 WatcherThread [stack: 0x14490000,0x144e0000] [id=2496]

VM state:at safepoint (normal execution)

VM Mutex/Monitor currently owned by a thread:  ([mutex/lock_event])
[0x0014a768] Safepoint_lock - owner thread: 0x01252c00
[0x0014a7d0] Threads_lock - owner thread: 0x01252c00
[0x0014aeb8] JvmtiThreadState_lock - owner thread: 0x142b6000

Heap:
 def new generation   total 4928K, used 651K [0x03c00000, 0x04150000, 0x09150000)
  eden space 4416K,  14% used [0x03c00000, 0x03ca2ea0, 0x04050000)
  from space 512K,   0% used [0x04050000, 0x04050000, 0x040d0000)
  to   space 512K,   0% used [0x040d0000, 0x040d0000, 0x04150000)
 tenured generation   total 10944K, used 0K [0x09150000, 0x09c00000, 0x13c00000)
   the space 10944K,   0% used [0x09150000, 0x09150000, 0x09150200, 0x09c00000)
 Metaspace       used 1600K, capacity 2280K, committed 2368K, reserved 4480K

Card table byte_map: [0x01730000,0x017c0000] byte_map_base: 0x01712000

Polling page: 0x00120000

CodeCache: size=32768Kb used=665Kb max_used=665Kb free=32102Kb
 bounds [0x01b60000, 0x01c08000, 0x03b60000]
 total_blobs=141 nmethods=14 adapters=68
 compilation: enabled

Compilation events (10 events):
Event: 0.135 Thread 0x142c0c00   10             java.lang.CharacterDataLatin1::getProperties (11 bytes)
Event: 0.135 Thread 0x142c0c00 nmethod 10 0x01c05548 code [0x01c05640, 0x01c056f0]
Event: 0.135 Thread 0x142c0c00   11             java.lang.Character::toLowerCase (9 bytes)
Event: 0.136 Thread 0x142c0c00 nmethod 11 0x01c057c8 code [0x01c058d0, 0x01c05978]
Event: 0.136 Thread 0x142c0c00   12             java.lang.CharacterDataLatin1::toLowerCase (39 bytes)
Event: 0.136 Thread 0x142c0c00 nmethod 12 0x01c05a08 code [0x01c05b00, 0x01c05be0]
Event: 0.136 Thread 0x142c0c00   13             java.lang.String::indexOf (166 bytes)
Event: 0.136 Thread 0x142c0c00 nmethod 13 0x01c05cc8 code [0x01c05de0, 0x01c06030]
Event: 0.138 Thread 0x142c0c00   14             java.lang.AbstractStringBuilder::append (29 bytes)
Event: 0.138 Thread 0x142c0c00 nmethod 14 0x01c06388 code [0x01c06490, 0x01c0658c]

GC Heap History (0 events):
No events

Deoptimization events (0 events):
No events

Internal exceptions (5 events):
Event: 0.017 Thread 0x0014cc00 Exception <a 'java/lang/NoSuchMethodError': Method sun.misc.Unsafe.defineClass(Ljava/lang/String;[BII)Ljava/lang/Class; name or signature does not match> (0x03c0fc48) thrown at [C:\re\workspace\8-2-build-windows-i586-cygwin\jdk8u31\2394\hotspot\src\share\v[
EÓ‘?
Event: 0.017 Thread 0x0014cc00 Exception <a 'java/lang/NoSuchMethodError': Method sun.misc.Unsafe.prefetchRead(Ljava/lang/Object;J)V name or signature does not match> (0x03c0fec8) thrown at [C:\re\workspace\8-2-build-windows-i586-cygwin\jdk8u31\2394\hotspot\src\share\vm\prims\jni.cpp, l„Eê„_Á?
Event: 0.133 Thread 0x0014cc00 Exception <a 'java/security/PrivilegedActionException'> (0x03c952a0) thrown at [C:\re\workspace\8-2-build-windows-i586-cygwin\jdk8u31\2394\hotspot\src\share\vm\prims\jvm.cpp, line 1312]
Event: 0.139 Thread 0x0014cc00 Exception <a 'java/security/PrivilegedActionException'> (0x03c9a150) thrown at [C:\re\workspace\8-2-build-windows-i586-cygwin\jdk8u31\2394\hotspot\src\share\vm\prims\jvm.cpp, line 1312]
Event: 0.139 Thread 0x0014cc00 Exception <a 'java/security/PrivilegedActionException'> (0x03c9b460) thrown at [C:\re\workspace\8-2-build-windows-i586-cygwin\jdk8u31\2394\hotspot\src\share\vm\prims\jvm.cpp, line 1312]

Events (10 events):
Event: 2.165 Executing VM operation: GetOrSetLocal done
Event: 4.268 Executing VM operation: EnableBiasedLocking
Event: 4.268 Executing VM operation: EnableBiasedLocking done
Event: 93.818 Executing VM operation: GetCurrentLocation
Event: 93.818 Executing VM operation: GetCurrentLocation done
Event: 93.818 Executing VM operation: EnterInterpOnlyMode
Event: 93.818 Executing VM operation: EnterInterpOnlyMode done
Event: 93.818 Executing VM operation: ChangeSingleStep
Event: 93.818 Executing VM operation: ChangeSingleStep done
Event: 93.831 Executing VM operation: ChangeSingleStep


Dynamic libraries:
0x00250000 - 0x00280000 	C:\Program Files\Java\jre1.8.0_31\bin\javaw.exe
0x76e10000 - 0x76f4c000 	C:\Windows\SYSTEM32\ntdll.dll
0x76540000 - 0x76614000 	C:\Windows\system32\kernel32.dll
0x750a0000 - 0x750eb000 	C:\Windows\system32\KERNELBASE.dll
0x75350000 - 0x753f0000 	C:\Windows\system32\ADVAPI32.dll
0x752a0000 - 0x7534c000 	C:\Windows\system32\msvcrt.dll
0x76a90000 - 0x76aa9000 	C:\Windows\SYSTEM32\sechost.dll
0x766f0000 - 0x76791000 	C:\Windows\system32\RPCRT4.dll
0x769c0000 - 0x76a89000 	C:\Windows\system32\USER32.dll
0x76fb0000 - 0x76ffe000 	C:\Windows\system32\GDI32.dll
0x76530000 - 0x7653a000 	C:\Windows\system32\LPK.dll
0x76800000 - 0x7689d000 	C:\Windows\system32\USP10.dll
0x74690000 - 0x7482e000 	C:\Windows\WinSxS\x86_microsoft.windows.common-controls_6595b64144ccf1df_6.0.7601.17514_none_41e6975e2bd6f2b2\COMCTL32.dll
0x767a0000 - 0x767f7000 	C:\Windows\system32\SHLWAPI.dll
0x76510000 - 0x7652f000 	C:\Windows\system32\IMM32.DLL
0x76cb0000 - 0x76d7c000 	C:\Windows\system32\MSCTF.dll
0x581c0000 - 0x5827f000 	C:\Program Files\Java\jre1.8.0_31\bin\msvcr100.dll
0x66740000 - 0x66ae4000 	C:\Program Files\Java\jre1.8.0_31\bin\client\jvm.dll
0x742e0000 - 0x742e7000 	C:\Windows\system32\WSOCK32.dll
0x77000000 - 0x77035000 	C:\Windows\system32\WS2_32.dll
0x753f0000 - 0x753f6000 	C:\Windows\system32\NSI.dll
0x6fce0000 - 0x6fd12000 	C:\Windows\system32\WINMM.dll
0x766e0000 - 0x766e5000 	C:\Windows\system32\PSAPI.DLL
0x67360000 - 0x6736c000 	C:\Program Files\Java\jre1.8.0_31\bin\verify.dll
0x66710000 - 0x66731000 	C:\Program Files\Java\jre1.8.0_31\bin\java.dll
0x6a310000 - 0x6a339000 	C:\Program Files\Java\jre1.8.0_31\bin\jdwp.dll
0x73270000 - 0x73277000 	C:\Program Files\Java\jre1.8.0_31\bin\npt.dll
0x666f0000 - 0x66703000 	C:\Program Files\Java\jre1.8.0_31\bin\zip.dll
0x75400000 - 0x7604a000 	C:\Windows\system32\SHELL32.dll
0x76050000 - 0x761ac000 	C:\Windows\system32\ole32.dll
0x74fa0000 - 0x74fab000 	C:\Windows\system32\profapi.dll
0x73260000 - 0x73268000 	C:\Program Files\Java\jre1.8.0_31\bin\dt_socket.dll
0x72f80000 - 0x72f90000 	C:\Windows\system32\NLAapi.dll
0x6fca0000 - 0x6fcb0000 	C:\Windows\system32\napinsp.dll
0x6fc80000 - 0x6fc92000 	C:\Windows\system32\pnrpnsp.dll
0x74a10000 - 0x74a4c000 	C:\Windows\System32\mswsock.dll
0x748d0000 - 0x74914000 	C:\Windows\system32\DNSAPI.dll
0x6fc70000 - 0x6fc78000 	C:\Windows\System32\winrnr.dll
0x74230000 - 0x7424c000 	C:\Windows\system32\IPHLPAPI.DLL
0x74220000 - 0x74227000 	C:\Windows\system32\WINNSI.DLL
0x72c50000 - 0x72c88000 	C:\Windows\System32\fwpuclnt.dll
0x70370000 - 0x70376000 	C:\Windows\system32\rasadhlp.dll
0x73de0000 - 0x73de5000 	C:\Windows\System32\wshtcpip.dll
0x6e4a0000 - 0x6e58b000 	C:\Windows\system32\dbghelp.dll

VM Arguments:
jvm_args: -agentlib:jdwp=transport=dt_socket,suspend=y,address=localhost:2196 -Dfile.encoding=MS874 
java_command: TestInherit
java_class_path (initial): C:\Users\Lab.PC2013110215CUT\workspace\Lab12\bin
Launcher Type: SUN_STANDARD

Environment Variables:
PATH=C:/Program Files/Java/jre1.8.0_31/bin/client;C:/Program Files/Java/jre1.8.0_31/bin;C:/Program Files/Java/jre1.8.0_31/lib/i386;C:\Program Files\Intel\iCLS Client\;C:\ProgramData\Oracle\Java\javapath;c:\app\Lab\product\11.2.0\dbhome_1\bin;C:\oracle\ora90\bin;C:\oracle\ora90\Apache\Perl\5.00503\bin\mswin32-x86;C:\Program Files\Oracle\jre\1.1.8\bin;C:\Windows\system32;C:\Windows;C:\Windows\System32\Wbem;C:\Windows\System32\WindowsPowerShell\v1.0\;C:\Program Files\Autodesk\Backburner\;C:\Program Files\Bitvise Tunnelier;C:\Program Files\Rational\common;C:\Program Files\Microsoft SQL Server\100\Tools\Binn\;C:\Program Files\Microsoft SQL Server\100\DTS\Binn\;c:\Program Files\ATI Technologies\ATI.ACE\Core-Static;C:\Program Files\Intel\Intel(R) Management Engine Components\DAL;C:\Program Files\Intel\Intel(R) Management Engine Components\IPT;C:\Program Files\Common Files\Autodesk Shared\;C:\TCWIN45\BIN;C:\eclipse;
USERNAME=Lab
OS=Windows_NT
PROCESSOR_IDENTIFIER=x86 Family 6 Model 60 Stepping 3, GenuineIntel



---------------  S Y S T E M  ---------------

OS: Windows 7 Build 7601 Service Pack 1

CPU:total 8 (4 cores per cpu, 2 threads per core) family 6 model 60 stepping 3, cmov, cx8, fxsr, mmx, sse, sse2, sse3, ssse3, sse4.1, sse4.2, popcnt, avx, avx2, aes, clmul, erms, rtm, lzcnt, ht, tsc, tscinvbit, bmi1, bmi2

Memory: 4k page, physical 3330300k(1098924k free), swap 6658848k(3566916k free)

vm_info: Java HotSpot(TM) Client VM (25.31-b07) for windows-x86 JRE (1.8.0_31-b13), built on Dec 17 2014 20:46:12 by "java_re" with MS VC++ 10.0 (VS2010)

time: Thu Nov 17 10:57:25 2016
elapsed time: 93 seconds (0d 0h 1m 33s)

